hcmobile/hcmobile/ListViewAnimations-manipulation/build/outputs/logs/manifest-merger-debug-report.txt
-- Merging decision tree log ---
manifest
ADDED from hcmobile\ListViewAnimations-manipulation\AndroidManifest.xml:17:1-24:12
INJECTED from hcmobile\ListViewAnimations-manipulation\AndroidManifest.xml:17:1-24:12
INJECTED from hcmobile\ListViewAnimations-manipulation\AndroidManifest.xml:17:1-24:12
	package
		ADDED from hcmobile\ListViewAnimations-manipulation\AndroidManifest.xml:18:5-63
		INJECTED from hcmobile\ListViewAnimations-manipulation\AndroidManifest.xml
		INJECTED from hcmobile\ListViewAnimations-manipulation\AndroidManifest.xml
	xmlns:android
		ADDED from hcmobile\ListViewAnimations-manipulation\AndroidManifest.xml:19:5-63
application
ADDED from hcmobile\ListViewAnimations-manipulation\AndroidManifest.xml:21:5-22:19
	android:allowBackup
		ADDED from hcmobile\ListViewAnimations-manipulation\AndroidManifest.xml:21:18-44